2024-08-24 13:42:31:4231 [32minfo[39m: [register-api] [32mNew user registered: jisgore@gmail.com[39m
2024-08-24 18:32:52:3252 [32minfo[39m: [register-api] [32mNew user registered: pjimenes@outlook.com[39m
2024-08-25 16:55:14:5514 [31merror[39m: [vehicles-api] [31mAPI Error: connect ECONNREFUSED 127.0.0.1:27017[39m
2024-08-25 16:55:14:5514 [31merror[39m: [vehicles-api] [31mAPI Error: connect ECONNREFUSED 127.0.0.1:27017[39m
2024-08-25 16:55:14:5514 [31merror[39m: [vehicles-api] [31mAPI Error: connect ECONNREFUSED 127.0.0.1:27017[39m
2024-08-25 16:55:14:5514 [31merror[39m: [vehicles-api] [31mAPI Error: connect ECONNREFUSED 127.0.0.1:27017[39m
2024-08-25 16:56:04:564 [31merror[39m: [vehicles-api] [31mAPI Error: connect ECONNREFUSED 127.0.0.1:27017[39m
2024-08-25 16:56:04:564 [31merror[39m: [vehicles-api] [31mAPI Error: connect ECONNREFUSED 127.0.0.1:27017[39m
2024-08-25 16:57:51:5751 [31merror[39m: [vehicles-api] [31mAPI Error: connect ECONNREFUSED 127.0.0.1:27017[39m
2024-08-25 17:03:11:311 [31merror[39m: [vehicles-api] [31mAPI Error: connect ECONNREFUSED 127.0.0.1:27017[39m
2024-08-25 17:03:11:311 [31merror[39m: [vehicles-api] [31mAPI Error: connect ECONNREFUSED 127.0.0.1:27017[39m
2024-08-25 17:03:11:311 [31merror[39m: [vehicles-api] [31mAPI Error: connect ECONNREFUSED 127.0.0.1:27017[39m
2024-08-25 17:03:11:311 [31merror[39m: [vehicles-api] [31mAPI Error: connect ECONNREFUSED 127.0.0.1:27017[39m
2024-08-25 17:03:11:311 [31merror[39m: [vehicles-api] [31mAPI Error: connect ECONNREFUSED 127.0.0.1:27017[39m
2024-08-25 17:23:37:2337 [32minfo[39m: [rate-limit-middleware] [32mRate limit check for GET /api/vehicles[39m
2024-08-25 17:23:37:2337 [32minfo[39m: [rate-limit-middleware] [32mRate limit check for GET /api/vehicles[39m
2024-08-25 17:36:23:3623 [32minfo[39m: [rate-limit-middleware] [32mRate limit check for GET /api/vehicles[39m
2024-08-25 17:36:23:3623 [32minfo[39m: [rate-limit-middleware] [32mRate limit check for GET /api/vehicles[39m
2024-08-25 17:37:10:3710 [32minfo[39m: [rate-limit-middleware] [32mRate limit check for GET /api/vehicles[39m
2024-08-25 17:37:10:3710 [32minfo[39m: [rate-limit-middleware] [32mRate limit check for GET /api/vehicles[39m
2024-08-25 17:46:48:4648 [32minfo[39m: [rate-limit-middleware] [32mRate limit check for GET /api/vehicles[39m
2024-08-25 17:46:48:4648 [32minfo[39m: [rate-limit-middleware] [32mRate limit check for GET /api/vehicles[39m
2024-08-25 17:57:25:5725 [32minfo[39m: [rate-limit-middleware] [32mRate limit check for GET /api/vehicles[39m
2024-08-25 17:57:25:5725 [32minfo[39m: [rate-limit-middleware] [32mRate limit check for GET /api/vehicles[39m
2024-08-25 17:58:34:5834 [32minfo[39m: [rate-limit-middleware] [32mRate limit check for GET /api/vehicles[39m
2024-08-25 17:58:34:5834 [32minfo[39m: [rate-limit-middleware] [32mRate limit check for GET /api/vehicles[39m
2024-08-25 18:00:31:031 [32minfo[39m: [rate-limit-middleware] [32mRate limit check for GET /api/vehicles[39m
2024-08-25 18:01:48:148 [32minfo[39m: [rate-limit-middleware] [32mRate limit check for GET /api/vehicles[39m
2024-08-25 18:01:48:148 [32minfo[39m: [rate-limit-middleware] [32mRate limit check for GET /api/vehicles[39m
2024-08-25 18:04:29:429 [32minfo[39m: [rate-limit-middleware] [32mRate limit check for GET /api/vehicles[39m
2024-08-25 18:13:04:134 [32minfo[39m: [rate-limit-middleware] [32mRate limit check for GET /api/vehicles[39m
2024-08-25 18:13:04:134 [32minfo[39m: [rate-limit-middleware] [32mRate limit check for GET /api/vehicles[39m
2024-08-25 18:16:08:168 [32minfo[39m: [rate-limit-middleware] [32mRate limit check for GET /api/vehicles[39m
2024-08-25 18:20:56:2056 [32minfo[39m: [rate-limit-middleware] [32mRate limit check for GET /api/vehicles[39m
2024-08-25 18:20:56:2056 [32minfo[39m: [rate-limit-middleware] [32mRate limit check for GET /api/vehicles[39m
2024-08-25 18:21:29:2129 [32minfo[39m: [rate-limit-middleware] [32mRate limit check for POST /api/vehicles[39m
2024-08-25 18:22:50:2250 [32minfo[39m: [rate-limit-middleware] [32mRate limit check for GET /api/vehicles[39m
2024-08-25 18:25:36:2536 [32minfo[39m: [rate-limit-middleware] [32mRate limit check for GET /api/vehicles[39m
2024-08-25 18:25:36:2536 [32minfo[39m: [rate-limit-middleware] [32mRate limit check for GET /api/vehicles[39m
2024-08-25 18:46:32:4632 [32minfo[39m: [rate-limit-middleware] [32mRate limit check for GET /api/vehicles[39m
2024-08-25 18:46:32:4632 [32minfo[39m: [rate-limit-middleware] [32mRate limit check for GET /api/vehicles[39m
2024-08-25 18:47:00:470 [32minfo[39m: [rate-limit-middleware] [32mRate limit check for POST /api/vehicles[39m
2024-08-25 18:55:38:5538 [32minfo[39m: [rate-limit-middleware] [32mRate limit check for GET /api/vehicles[39m
2024-08-25 18:55:38:5538 [32minfo[39m: [rate-limit-middleware] [32mRate limit check for GET /api/vehicles[39m
2024-08-25 19:01:02:12 [32minfo[39m: [rate-limit-middleware] [32mRate limit check for GET /api/vehicles[39m
2024-08-25 19:01:02:12 [32minfo[39m: [rate-limit-middleware] [32mRate limit check for GET /api/vehicles[39m
2024-08-25 19:01:42:142 [32minfo[39m: [rate-limit-middleware] [32mRate limit check for POST /api/vehicles[39m
2024-08-25 19:02:28:228 [32minfo[39m: [rate-limit-middleware] [32mRate limit check for GET /api/vehicles[39m
2024-08-25 19:02:28:228 [32minfo[39m: [rate-limit-middleware] [32mRate limit check for GET /api/vehicles[39m
2024-08-25 19:03:00:30 [32minfo[39m: [rate-limit-middleware] [32mRate limit check for POST /api/vehicles[39m
2024-08-25 19:07:56:756 [32minfo[39m: [rate-limit-middleware] [32mRate limit check for GET /api/vehicles[39m
2024-08-25 19:12:48:1248 [32minfo[39m: [rate-limit-middleware] [32mRate limit check for GET /api/vehicles[39m
2024-08-25 19:12:48:1248 [32minfo[39m: [rate-limit-middleware] [32mRate limit check for GET /api/vehicles[39m
2024-08-25 19:13:40:1340 [32minfo[39m: [rate-limit-middleware] [32mRate limit check for POST /api/vehicles[39m
2024-08-25 19:13:40:1340 [31merror[39m: [vehicles-api] [31mAPI Error: Validation failed: Invalid VIN format[39m
2024-08-25 19:14:27:1427 [32minfo[39m: [rate-limit-middleware] [32mRate limit check for POST /api/vehicles[39m
2024-08-25 19:14:27:1427 [31merror[39m: [vehicles-api] [31mAPI Error: Validation failed: Invalid VIN format[39m
2024-08-25 19:14:46:1446 [32minfo[39m: [rate-limit-middleware] [32mRate limit check for POST /api/vehicles[39m
2024-08-25 19:14:46:1446 [32minfo[39m: [vehicles-api] [32mNew vehicle created: 66cbbae6ea9dbd117ed8cb1c[39m
2024-08-25 19:14:46:1446 [32minfo[39m: [rate-limit-middleware] [32mRate limit check for GET /api/vehicles[39m
2024-08-25 19:15:54:1554 [32minfo[39m: [rate-limit-middleware] [32mRate limit check for GET /api/vehicles[39m
2024-08-25 19:20:32:2032 [32minfo[39m: [rate-limit-middleware] [32mRate limit check for GET /api/vehicles[39m
2024-08-25 19:20:32:2032 [32minfo[39m: [rate-limit-middleware] [32mRate limit check for GET /api/vehicles[39m
2024-08-25 19:21:34:2134 [32minfo[39m: [rate-limit-middleware] [32mRate limit check for GET /api/vehicles[39m
2024-08-25 19:24:19:2419 [32minfo[39m: [rate-limit-middleware] [32mRate limit check for GET /api/vehicles[39m
2024-08-25 19:25:34:2534 [32minfo[39m: [rate-limit-middleware] [32mRate limit check for GET /api/vehicles[39m
2024-08-25 19:25:34:2534 [32minfo[39m: [rate-limit-middleware] [32mRate limit check for GET /api/vehicles[39m
2024-08-25 19:26:52:2652 [32minfo[39m: [rate-limit-middleware] [32mRate limit check for GET /api/vehicles[39m
2024-08-25 19:26:52:2652 [32minfo[39m: [rate-limit-middleware] [32mRate limit check for GET /api/vehicles[39m
2024-08-25 19:28:12:2812 [32minfo[39m: [rate-limit-middleware] [32mRate limit check for GET /api/vehicles[39m
2024-08-25 19:28:16:2816 [32minfo[39m: [rate-limit-middleware] [32mRate limit check for DELETE /api/vehicles/66cbbae6ea9dbd117ed8cb1c[39m
2024-08-25 19:28:16:2816 [32minfo[39m: [vehicles-api] [32mVehicle deleted: 66cbbae6ea9dbd117ed8cb1c[39m
2024-08-25 19:29:02:292 [32minfo[39m: [rate-limit-middleware] [32mRate limit check for POST /api/vehicles[39m
2024-08-25 19:29:02:292 [31merror[39m: [vehicles-api] [31mAPI Error: Validation failed: Invalid VIN format[39m
2024-08-25 19:29:20:2920 [32minfo[39m: [rate-limit-middleware] [32mRate limit check for POST /api/vehicles[39m
2024-08-25 19:29:20:2920 [32minfo[39m: [vehicles-api] [32mNew vehicle created: 66cbbe50d437386b49978e59[39m
2024-08-25 19:29:20:2920 [32minfo[39m: [rate-limit-middleware] [32mRate limit check for GET /api/vehicles[39m
2024-08-25 19:29:26:2926 [32minfo[39m: [rate-limit-middleware] [32mRate limit check for PUT /api/vehicles/66cbbe50d437386b49978e59[39m
2024-08-25 19:38:57:3857 [32minfo[39m: [rate-limit-middleware] [32mRate limit check for GET /api/vehicles[39m
2024-08-25 19:53:34:5334 [32minfo[39m: [rate-limit-middleware] [32mRate limit check for GET /api/vehicles[39m
2024-08-25 19:53:54:5354 [32minfo[39m: [rate-limit-middleware] [32mRate limit check for DELETE /api/vehicles/66cbbe50d437386b49978e59[39m
2024-08-25 19:53:54:5354 [32minfo[39m: [vehicles-api] [32mVehicle deleted: 66cbbe50d437386b49978e59[39m
2024-08-25 22:34:56:3456 [32minfo[39m: [rate-limit-middleware] [32mRate limit check for GET /api/vehicles[39m
2024-08-25 23:13:52:1352 [32minfo[39m: [rate-limit-middleware] [32mRate limit check for GET /api/vehicles[39m
2024-08-25 23:14:43:1443 [32minfo[39m: [rate-limit-middleware] [32mRate limit check for POST /api/vehicles[39m
2024-08-25 23:14:43:1443 [32minfo[39m: [vehicles-api] [32mNew vehicle created: 66cbf323bc9d38b5e044113f[39m
2024-08-25 23:14:43:1443 [32minfo[39m: [rate-limit-middleware] [32mRate limit check for GET /api/vehicles[39m
2024-08-25 23:21:57:2157 [32minfo[39m: [rate-limit-middleware] [32mRate limit check for GET /api/vehicles[39m
2024-08-25 23:22:45:2245 [32minfo[39m: [rate-limit-middleware] [32mRate limit check for POST /api/vehicles[39m
2024-08-25 23:22:45:2245 [32minfo[39m: [vehicles-api] [32mNew vehicle created: 66cbf505ba6818d84ed42502[39m
2024-08-25 23:22:45:2245 [32minfo[39m: [rate-limit-middleware] [32mRate limit check for GET /api/vehicles[39m
2024-08-25 23:36:23:3623 [32minfo[39m: [rate-limit-middleware] [32mRate limit check for GET /api/vehicles?isAvailable=true&startDate=2024-08-26&endDate=2024-08-28[39m
2024-08-25 23:41:40:4140 [32minfo[39m: [rate-limit-middleware] [32mRate limit check for GET /api/vehicles?isAvailable=true&startDate=2024-08-26&endDate=2024-08-27[39m
2024-08-25 23:41:40:4140 [32minfo[39m: [rate-limit-middleware] [32mRate limit check for GET /api/vehicles?isAvailable=true&startDate=2024-08-26&endDate=2024-08-27[39m
2024-08-25 23:45:26:4526 [32minfo[39m: [rate-limit-middleware] [32mRate limit check for GET /api/vehicles?isAvailable=true&startDate=2024-08-26&endDate=2024-08-30[39m
2024-08-25 23:45:26:4526 [32minfo[39m: [rate-limit-middleware] [32mRate limit check for GET /api/vehicles?isAvailable=true&startDate=2024-08-26&endDate=2024-08-30[39m
2024-08-25 23:45:46:4546 [32minfo[39m: [rate-limit-middleware] [32mRate limit check for POST /api/rentals[39m
2024-08-25 23:45:46:4546 [33mwarn[39m: [validate-request-middleware] [33mInvalid request body: {"totalCost":1000,"paymentMethod":"creditCard","insuranceOption":"basic","additionalDrivers":0,"dropoffLocation":"Santo DOmingo","pickupLocation":"Santiago","vehicleId":"66cbf323bc9d38b5e044113f","startDate":"2024-08-26","endDate":"2024-08-30"}[39m
2024-08-25 23:45:59:4559 [32minfo[39m: [rate-limit-middleware] [32mRate limit check for POST /api/rentals[39m
2024-08-25 23:45:59:4559 [33mwarn[39m: [validate-request-middleware] [33mInvalid request body: {"totalCost":1000,"paymentMethod":"creditCard","insuranceOption":"basic","additionalDrivers":0,"dropoffLocation":"Santo DOmingo","pickupLocation":"Santiago","vehicleId":"66cbf323bc9d38b5e044113f","startDate":"2024-08-26","endDate":"2024-08-30"}[39m
2024-08-25 23:56:22:5622 [32minfo[39m: [rate-limit-middleware] [32mRate limit check for GET /api/vehicles?isAvailable=true&startDate=2024-08-26&endDate=2024-08-29[39m
2024-08-25 23:56:22:5622 [32minfo[39m: [rate-limit-middleware] [32mRate limit check for GET /api/vehicles?isAvailable=true&startDate=2024-08-26&endDate=2024-08-29[39m
2024-08-25 23:56:46:5646 [32minfo[39m: [rate-limit-middleware] [32mRate limit check for POST /api/rentals[39m
2024-08-25 23:56:46:5646 [31merror[39m: [rentals-api] [31mAPI Error: Unauthorized[39m
2024-08-25 23:57:15:5715 [32minfo[39m: [rate-limit-middleware] [32mRate limit check for POST /api/rentals[39m
2024-08-25 23:57:15:5715 [31merror[39m: [rentals-api] [31mAPI Error: Unauthorized[39m
2024-08-25 23:57:16:5716 [32minfo[39m: [rate-limit-middleware] [32mRate limit check for POST /api/rentals[39m
2024-08-25 23:57:16:5716 [31merror[39m: [rentals-api] [31mAPI Error: Unauthorized[39m
2024-08-26 11:36:13:3613 [32minfo[39m: [rate-limit-middleware] [32mRate limit check for GET /api/vehicles[39m
2024-08-26 11:36:13:3613 [32minfo[39m: [rate-limit-middleware] [32mRate limit check for GET /api/vehicles[39m
2024-08-26 11:36:31:3631 [32minfo[39m: [rate-limit-middleware] [32mRate limit check for GET /api/vehicles[39m
2024-08-26 11:36:31:3631 [32minfo[39m: [rate-limit-middleware] [32mRate limit check for GET /api/vehicles[39m
2024-08-26 11:36:45:3645 [32minfo[39m: [rate-limit-middleware] [32mRate limit check for GET /api/vehicles[39m
2024-08-26 11:36:45:3645 [32minfo[39m: [rate-limit-middleware] [32mRate limit check for GET /api/vehicles[39m
2024-08-26 11:38:06:386 [32minfo[39m: [rate-limit-middleware] [32mRate limit check for GET /api/vehicles[39m
2024-08-26 12:14:24:1424 [32minfo[39m: [rate-limit-middleware] [32mRate limit check for GET /api/vehicles?isAvailable=true&startDate=2024-08-27&endDate=2024-08-28[39m
2024-08-26 12:14:24:1424 [32minfo[39m: [rate-limit-middleware] [32mRate limit check for GET /api/vehicles?isAvailable=true&startDate=2024-08-27&endDate=2024-08-28[39m
2024-08-26 12:14:32:1432 [32minfo[39m: [rate-limit-middleware] [32mRate limit check for GET /api/vehicles[39m
2024-08-26 12:14:32:1432 [32minfo[39m: [rate-limit-middleware] [32mRate limit check for GET /api/vehicles[39m
2024-08-26 12:32:10:3210 [32minfo[39m: [rate-limit-middleware] [32mRate limit check for GET /api/vehicles[39m
2024-08-26 12:34:21:3421 [32minfo[39m: [rate-limit-middleware] [32mRate limit check for GET /api/vehicles[39m
2024-08-26 12:34:43:3443 [32minfo[39m: [rate-limit-middleware] [32mRate limit check for PUT /api/vehicles/66cbf505ba6818d84ed42502[39m
2024-08-26 12:34:59:3459 [32minfo[39m: [rate-limit-middleware] [32mRate limit check for GET /api/vehicles?isAvailable=true&startDate=2024-08-27&endDate=2024-08-28[39m
2024-08-26 12:34:59:3459 [32minfo[39m: [rate-limit-middleware] [32mRate limit check for GET /api/vehicles?isAvailable=true&startDate=2024-08-27&endDate=2024-08-28[39m
2024-08-26 12:35:57:3557 [32minfo[39m: [rate-limit-middleware] [32mRate limit check for GET /api/vehicles[39m
2024-08-26 12:35:57:3557 [32minfo[39m: [rate-limit-middleware] [32mRate limit check for GET /api/vehicles[39m
2024-08-26 12:36:23:3623 [32minfo[39m: [rate-limit-middleware] [32mRate limit check for PUT /api/vehicles/66cbf505ba6818d84ed42502[39m
2024-08-26 12:36:42:3642 [32minfo[39m: [rate-limit-middleware] [32mRate limit check for GET /api/vehicles?isAvailable=true&startDate=2024-08-28&endDate=2024-08-29[39m
2024-08-26 12:36:42:3642 [32minfo[39m: [rate-limit-middleware] [32mRate limit check for GET /api/vehicles?isAvailable=true&startDate=2024-08-28&endDate=2024-08-29[39m
2024-08-26 12:37:15:3715 [32minfo[39m: [rate-limit-middleware] [32mRate limit check for POST /api/rentals[39m
2024-08-26 12:37:15:3715 [31merror[39m: [rentals-api] [31mAPI Error: Unauthorized[39m
2024-08-26 13:00:55:055 [32minfo[39m: [rate-limit-middleware] [32mRate limit check for GET /api/vehicles?isAvailable=true&startDate=2024-08-27&endDate=2024-08-28[39m
2024-08-26 13:00:55:055 [32minfo[39m: [rate-limit-middleware] [32mRate limit check for GET /api/vehicles?isAvailable=true&startDate=2024-08-27&endDate=2024-08-28[39m
2024-08-26 13:02:44:244 [32minfo[39m: [rate-limit-middleware] [32mRate limit check for POST /api/rentals[39m
2024-08-26 13:02:45:245 [32minfo[39m: [rentals-api] [32mNew rental created: 66ccb53458e4241869f7b146[39m
